<?xml version="1.0" encoding="UTF-8"?>
<testsuite name="GebishOrgSpec" tests="1" skipped="0" failures="1" errors="0" timestamp="2017-05-07T22:05:51" hostname="Ks-iMac.local" time="4.834">
  <properties/>
  <testcase name="can get to the current Book of Geb" classname="GebishOrgSpec" time="4.834">
    <failure message="groovy.lang.MissingPropertyException: No such property: manualsMenu for class: geb.interaction.InteractDelegate" type="groovy.lang.MissingPropertyException">groovy.lang.MissingPropertyException: No such property: manualsMenu for class: geb.interaction.InteractDelegate
	at GebishOrgSpec.can get to the current Book of Geb_closure1(GebishOrgSpec.groovy:11)
	at GebishOrgSpec.can get to the current Book of Geb_closure1(GebishOrgSpec.groovy)
	at geb.interaction.DefaultInteractionsSupport.interact(DefaultInteractionsSupport.groovy:34)
	at geb.Page.interact(Page.groovy:123)
	at geb.Browser.methodMissing(Browser.groovy:209)
	at geb.spock.GebSpec.methodMissing(GebSpec.groovy:56)
	at GebishOrgSpec.can get to the current Book of Geb(GebishOrgSpec.groovy:10)
</failure>
  </testcase>
  <system-out><![CDATA[]]></system-out>
  <system-err><![CDATA[Starting ChromeDriver 2.24.417412 (ac882d3ce7c0d99292439bf3405780058fcca0a6) on port 32025
Only local connections are allowed.
]]></system-err>
</testsuite>
