<?xml version="1.0" encoding="UTF-8"?>
<testsuite name="EbaySpec" tests="1" skipped="0" failures="0" errors="0" timestamp="2017-05-08T21:02:37" hostname="Ks-iMac.local" time="12.364">
  <properties/>
  <testcase name="can get to the eBay search results page" classname="EbaySpec" time="12.364"/>
  <system-out><![CDATA[]]></system-out>
  <system-err><![CDATA[Starting ChromeDriver 2.24.417412 (ac882d3ce7c0d99292439bf3405780058fcca0a6) on port 3180
Only local connections are allowed.
]]></system-err>
</testsuite>
